<?xml version="1.0" encoding="UTF-8"?>
<testng-results skipped="0" failed="0" ignored="0" total="2" passed="2">
  <reporter-output>
  </reporter-output>
  <suite name="Default suite" duration-ms="17154" started-at="2020-04-06T12:00:53Z" finished-at="2020-04-06T12:01:10Z">
    <groups>
    </groups>
    <test name="Default test" duration-ms="17154" started-at="2020-04-06T12:00:53Z" finished-at="2020-04-06T12:01:10Z">
      <class name="NewTest">
        <test-method status="PASS" signature="f()[pri:0, instance:NewTest@9695f0f5]" name="f" duration-ms="16260" started-at="2020-04-06T17:30:54Z" finished-at="2020-04-06T17:31:10Z">
          <reporter-output>
          </reporter-output>
        </test-method> <!-- f -->
        <test-method status="PASS" signature="postDemo()[pri:0, instance:NewTest@9695f0f5]" name="postDemo" duration-ms="602" started-at="2020-04-06T17:31:10Z" finished-at="2020-04-06T17:31:10Z">
          <reporter-output>
          </reporter-output>
        </test-method> <!-- postDemo -->
      </class> <!-- NewTest -->
    </test> <!-- Default test -->
  </suite> <!-- Default suite -->
</testng-results>
